=== USDE Daemon started at 2026-06-09 15:55:41 ===
[2026-06-09 15:55:41] N= 10 | Scanned=   28 | Proven=15 | Alignments=7 | Time=0.04s
   -> Alignment: Sector 6 matches W/Z Gauge Boson Mass Ratio (dev: 1.4832%)
   -> Alignment: Sector 3 matches Lepton Mass Ratio mu/e (dev: 0.1557%)
   -> Alignment: Sector 3 matches Lepton Mass Ratio tau/mu (dev: 0.0114%)
   -> Alignment: Sector 5 matches W/Z Gauge Boson Mass Ratio (dev: 1.7393%)
   -> Alignment: Sector 7 matches W/Z Gauge Boson Mass Ratio (dev: 3.5758%)
   -> Alignment: Sector 5 matches W/Z Gauge Boson Mass Ratio (dev: 1.7393%)
   -> Alignment: Sector 7 matches W/Z Gauge Boson Mass Ratio (dev: 3.5758%)
[2026-06-09 15:55:42] N= 15 | Scanned=   64 | Proven=31 | Alignments=7 | Time=0.34s
   -> Alignment: Sector 6 matches W/Z Gauge Boson Mass Ratio (dev: 1.4832%)
   -> Alignment: Sector 3 matches Lepton Mass Ratio mu/e (dev: 0.1557%)
   -> Alignment: Sector 3 matches Lepton Mass Ratio tau/mu (dev: 0.0114%)
   -> Alignment: Sector 5 matches W/Z Gauge Boson Mass Ratio (dev: 1.7393%)
   -> Alignment: Sector 7 matches W/Z Gauge Boson Mass Ratio (dev: 3.5758%)
   -> Alignment: Sector 5 matches W/Z Gauge Boson Mass Ratio (dev: 1.7393%)
   -> Alignment: Sector 7 matches W/Z Gauge Boson Mass Ratio (dev: 3.5758%)
[2026-06-09 15:55:44] N= 20 | Scanned=  120 | Proven=50 | Alignments=7 | Time=0.47s
   -> Alignment: Sector 6 matches W/Z Gauge Boson Mass Ratio (dev: 1.4832%)
   -> Alignment: Sector 3 matches Lepton Mass Ratio mu/e (dev: 0.1557%)
   -> Alignment: Sector 3 matches Lepton Mass Ratio tau/mu (dev: 0.0114%)
   -> Alignment: Sector 5 matches W/Z Gauge Boson Mass Ratio (dev: 1.7393%)
   -> Alignment: Sector 7 matches W/Z Gauge Boson Mass Ratio (dev: 3.5758%)
   -> Alignment: Sector 5 matches W/Z Gauge Boson Mass Ratio (dev: 1.7393%)
   -> Alignment: Sector 7 matches W/Z Gauge Boson Mass Ratio (dev: 3.5758%)
[2026-06-09 15:55:46] N= 25 | Scanned=  180 | Proven=80 | Alignments=7 | Time=0.95s
   -> Alignment: Sector 6 matches W/Z Gauge Boson Mass Ratio (dev: 1.4832%)
   -> Alignment: Sector 3 matches Lepton Mass Ratio mu/e (dev: 0.1557%)
   -> Alignment: Sector 3 matches Lepton Mass Ratio tau/mu (dev: 0.0114%)
   -> Alignment: Sector 5 matches W/Z Gauge Boson Mass Ratio (dev: 1.7393%)
   -> Alignment: Sector 7 matches W/Z Gauge Boson Mass Ratio (dev: 3.5758%)
   -> Alignment: Sector 5 matches W/Z Gauge Boson Mass Ratio (dev: 1.7393%)
   -> Alignment: Sector 7 matches W/Z Gauge Boson Mass Ratio (dev: 3.5758%)
[2026-06-09 15:55:48] N= 30 | Scanned=  270 | Proven=107 | Alignments=7 | Time=1.44s
   -> Alignment: Sector 6 matches W/Z Gauge Boson Mass Ratio (dev: 1.4832%)
   -> Alignment: Sector 3 matches Lepton Mass Ratio mu/e (dev: 0.1557%)
   -> Alignment: Sector 3 matches Lepton Mass Ratio tau/mu (dev: 0.0114%)
   -> Alignment: Sector 5 matches W/Z Gauge Boson Mass Ratio (dev: 1.7393%)
   -> Alignment: Sector 7 matches W/Z Gauge Boson Mass Ratio (dev: 3.5758%)
   -> Alignment: Sector 5 matches W/Z Gauge Boson Mass Ratio (dev: 1.7393%)
   -> Alignment: Sector 7 matches W/Z Gauge Boson Mass Ratio (dev: 3.5758%)
[2026-06-09 15:55:51] N= 35 | Scanned=  360 | Proven=155 | Alignments=7 | Time=1.90s
   -> Alignment: Sector 6 matches W/Z Gauge Boson Mass Ratio (dev: 1.4832%)
   -> Alignment: Sector 3 matches Lepton Mass Ratio mu/e (dev: 0.1557%)
   -> Alignment: Sector 3 matches Lepton Mass Ratio tau/mu (dev: 0.0114%)
   -> Alignment: Sector 5 matches W/Z Gauge Boson Mass Ratio (dev: 1.7393%)
   -> Alignment: Sector 7 matches W/Z Gauge Boson Mass Ratio (dev: 3.5758%)
   -> Alignment: Sector 5 matches W/Z Gauge Boson Mass Ratio (dev: 1.7393%)
   -> Alignment: Sector 7 matches W/Z Gauge Boson Mass Ratio (dev: 3.5758%)
[2026-06-09 15:55:54] N= 40 | Scanned=  474 | Proven=190 | Alignments=7 | Time=2.51s
   -> Alignment: Sector 6 matches W/Z Gauge Boson Mass Ratio (dev: 1.4832%)
   -> Alignment: Sector 3 matches Lepton Mass Ratio mu/e (dev: 0.1557%)
   -> Alignment: Sector 3 matches Lepton Mass Ratio tau/mu (dev: 0.0114%)
   -> Alignment: Sector 5 matches W/Z Gauge Boson Mass Ratio (dev: 1.7393%)
   -> Alignment: Sector 7 matches W/Z Gauge Boson Mass Ratio (dev: 3.5758%)
   -> Alignment: Sector 5 matches W/Z Gauge Boson Mass Ratio (dev: 1.7393%)
   -> Alignment: Sector 7 matches W/Z Gauge Boson Mass Ratio (dev: 3.5758%)
[2026-06-09 15:55:59] N= 45 | Scanned=  604 | Proven=243 | Alignments=7 | Time=3.44s
   -> Alignment: Sector 6 matches W/Z Gauge Boson Mass Ratio (dev: 1.4832%)
   -> Alignment: Sector 3 matches Lepton Mass Ratio mu/e (dev: 0.1557%)
   -> Alignment: Sector 3 matches Lepton Mass Ratio tau/mu (dev: 0.0114%)
   -> Alignment: Sector 5 matches W/Z Gauge Boson Mass Ratio (dev: 1.7393%)
   -> Alignment: Sector 7 matches W/Z Gauge Boson Mass Ratio (dev: 3.5758%)
   -> Alignment: Sector 5 matches W/Z Gauge Boson Mass Ratio (dev: 1.7393%)
   -> Alignment: Sector 7 matches W/Z Gauge Boson Mass Ratio (dev: 3.5758%)
[2026-06-09 15:56:04] N= 50 | Scanned=  754 | Proven=287 | Alignments=7 | Time=4.14s
   -> Alignment: Sector 6 matches W/Z Gauge Boson Mass Ratio (dev: 1.4832%)
   -> Alignment: Sector 3 matches Lepton Mass Ratio mu/e (dev: 0.1557%)
   -> Alignment: Sector 3 matches Lepton Mass Ratio tau/mu (dev: 0.0114%)
   -> Alignment: Sector 5 matches W/Z Gauge Boson Mass Ratio (dev: 1.7393%)
   -> Alignment: Sector 7 matches W/Z Gauge Boson Mass Ratio (dev: 3.5758%)
   -> Alignment: Sector 5 matches W/Z Gauge Boson Mass Ratio (dev: 1.7393%)
   -> Alignment: Sector 7 matches W/Z Gauge Boson Mass Ratio (dev: 3.5758%)
[2026-06-09 15:56:10] N= 55 | Scanned=  900 | Proven=354 | Alignments=7 | Time=5.45s
   -> Alignment: Sector 6 matches W/Z Gauge Boson Mass Ratio (dev: 1.4832%)
   -> Alignment: Sector 3 matches Lepton Mass Ratio mu/e (dev: 0.1557%)
   -> Alignment: Sector 3 matches Lepton Mass Ratio tau/mu (dev: 0.0114%)
   -> Alignment: Sector 5 matches W/Z Gauge Boson Mass Ratio (dev: 1.7393%)
   -> Alignment: Sector 7 matches W/Z Gauge Boson Mass Ratio (dev: 3.5758%)
   -> Alignment: Sector 5 matches W/Z Gauge Boson Mass Ratio (dev: 1.7393%)
   -> Alignment: Sector 7 matches W/Z Gauge Boson Mass Ratio (dev: 3.5758%)
[2026-06-09 15:56:18] N= 60 | Scanned= 1086 | Proven=411 | Alignments=7 | Time=6.49s
   -> Alignment: Sector 6 matches W/Z Gauge Boson Mass Ratio (dev: 1.4832%)
   -> Alignment: Sector 3 matches Lepton Mass Ratio mu/e (dev: 0.1557%)
   -> Alignment: Sector 3 matches Lepton Mass Ratio tau/mu (dev: 0.0114%)
   -> Alignment: Sector 5 matches W/Z Gauge Boson Mass Ratio (dev: 1.7393%)
   -> Alignment: Sector 7 matches W/Z Gauge Boson Mass Ratio (dev: 3.5758%)
   -> Alignment: Sector 5 matches W/Z Gauge Boson Mass Ratio (dev: 1.7393%)
   -> Alignment: Sector 7 matches W/Z Gauge Boson Mass Ratio (dev: 3.5758%)
[2026-06-09 15:56:26] N= 65 | Scanned= 1260 | Proven=496 | Alignments=7 | Time=7.39s
   -> Alignment: Sector 6 matches W/Z Gauge Boson Mass Ratio (dev: 1.4832%)
   -> Alignment: Sector 3 matches Lepton Mass Ratio mu/e (dev: 0.1557%)
   -> Alignment: Sector 3 matches Lepton Mass Ratio tau/mu (dev: 0.0114%)
   -> Alignment: Sector 5 matches W/Z Gauge Boson Mass Ratio (dev: 1.7393%)
   -> Alignment: Sector 7 matches W/Z Gauge Boson Mass Ratio (dev: 3.5758%)
   -> Alignment: Sector 5 matches W/Z Gauge Boson Mass Ratio (dev: 1.7393%)
   -> Alignment: Sector 7 matches W/Z Gauge Boson Mass Ratio (dev: 3.5758%)
[2026-06-09 15:56:36] N= 70 | Scanned= 1470 | Proven=555 | Alignments=7 | Time=8.47s
   -> Alignment: Sector 6 matches W/Z Gauge Boson Mass Ratio (dev: 1.4832%)
   -> Alignment: Sector 3 matches Lepton Mass Ratio mu/e (dev: 0.1557%)
   -> Alignment: Sector 3 matches Lepton Mass Ratio tau/mu (dev: 0.0114%)
   -> Alignment: Sector 5 matches W/Z Gauge Boson Mass Ratio (dev: 1.7393%)
   -> Alignment: Sector 7 matches W/Z Gauge Boson Mass Ratio (dev: 3.5758%)
   -> Alignment: Sector 5 matches W/Z Gauge Boson Mass Ratio (dev: 1.7393%)
   -> Alignment: Sector 7 matches W/Z Gauge Boson Mass Ratio (dev: 3.5758%)
[2026-06-09 15:56:47] N= 75 | Scanned= 1696 | Proven=649 | Alignments=7 | Time=10.07s
   -> Alignment: Sector 6 matches W/Z Gauge Boson Mass Ratio (dev: 1.4832%)
   -> Alignment: Sector 3 matches Lepton Mass Ratio mu/e (dev: 0.1557%)
   -> Alignment: Sector 3 matches Lepton Mass Ratio tau/mu (dev: 0.0114%)
   -> Alignment: Sector 5 matches W/Z Gauge Boson Mass Ratio (dev: 1.7393%)
   -> Alignment: Sector 7 matches W/Z Gauge Boson Mass Ratio (dev: 3.5758%)
   -> Alignment: Sector 5 matches W/Z Gauge Boson Mass Ratio (dev: 1.7393%)
   -> Alignment: Sector 7 matches W/Z Gauge Boson Mass Ratio (dev: 3.5758%)
[2026-06-09 15:56:59] N= 80 | Scanned= 1934 | Proven=715 | Alignments=7 | Time=11.34s
   -> Alignment: Sector 6 matches W/Z Gauge Boson Mass Ratio (dev: 1.4832%)
   -> Alignment: Sector 3 matches Lepton Mass Ratio mu/e (dev: 0.1557%)
   -> Alignment: Sector 3 matches Lepton Mass Ratio tau/mu (dev: 0.0114%)
   -> Alignment: Sector 5 matches W/Z Gauge Boson Mass Ratio (dev: 1.7393%)
   -> Alignment: Sector 7 matches W/Z Gauge Boson Mass Ratio (dev: 3.5758%)
   -> Alignment: Sector 5 matches W/Z Gauge Boson Mass Ratio (dev: 1.7393%)
   -> Alignment: Sector 7 matches W/Z Gauge Boson Mass Ratio (dev: 3.5758%)
[2026-06-09 15:57:14] N= 85 | Scanned= 2166 | Proven=813 | Alignments=7 | Time=13.30s
   -> Alignment: Sector 6 matches W/Z Gauge Boson Mass Ratio (dev: 1.4832%)
   -> Alignment: Sector 3 matches Lepton Mass Ratio mu/e (dev: 0.1557%)
   -> Alignment: Sector 3 matches Lepton Mass Ratio tau/mu (dev: 0.0114%)
   -> Alignment: Sector 5 matches W/Z Gauge Boson Mass Ratio (dev: 1.7393%)
   -> Alignment: Sector 7 matches W/Z Gauge Boson Mass Ratio (dev: 3.5758%)
   -> Alignment: Sector 5 matches W/Z Gauge Boson Mass Ratio (dev: 1.7393%)
   -> Alignment: Sector 7 matches W/Z Gauge Boson Mass Ratio (dev: 3.5758%)
[2026-06-09 15:57:30] N= 90 | Scanned= 2456 | Proven=913 | Alignments=7 | Time=14.92s
   -> Alignment: Sector 6 matches W/Z Gauge Boson Mass Ratio (dev: 1.4832%)
   -> Alignment: Sector 3 matches Lepton Mass Ratio mu/e (dev: 0.1557%)
   -> Alignment: Sector 3 matches Lepton Mass Ratio tau/mu (dev: 0.0114%)
   -> Alignment: Sector 5 matches W/Z Gauge Boson Mass Ratio (dev: 1.7393%)
   -> Alignment: Sector 7 matches W/Z Gauge Boson Mass Ratio (dev: 3.5758%)
   -> Alignment: Sector 5 matches W/Z Gauge Boson Mass Ratio (dev: 1.7393%)
   -> Alignment: Sector 7 matches W/Z Gauge Boson Mass Ratio (dev: 3.5758%)
[2026-06-09 15:57:48] N= 95 | Scanned= 2702 | Proven=1039 | Alignments=7 | Time=17.19s
   -> Alignment: Sector 6 matches W/Z Gauge Boson Mass Ratio (dev: 1.4832%)
   -> Alignment: Sector 3 matches Lepton Mass Ratio mu/e (dev: 0.1557%)
   -> Alignment: Sector 3 matches Lepton Mass Ratio tau/mu (dev: 0.0114%)
   -> Alignment: Sector 5 matches W/Z Gauge Boson Mass Ratio (dev: 1.7393%)
   -> Alignment: Sector 7 matches W/Z Gauge Boson Mass Ratio (dev: 3.5758%)
   -> Alignment: Sector 5 matches W/Z Gauge Boson Mass Ratio (dev: 1.7393%)
   -> Alignment: Sector 7 matches W/Z Gauge Boson Mass Ratio (dev: 3.5758%)
[2026-06-09 15:58:07] N=100 | Scanned= 3004 | Proven=1119 | Alignments=7 | Time=18.79s
   -> Alignment: Sector 6 matches W/Z Gauge Boson Mass Ratio (dev: 1.4832%)
   -> Alignment: Sector 3 matches Lepton Mass Ratio mu/e (dev: 0.1557%)
   -> Alignment: Sector 3 matches Lepton Mass Ratio tau/mu (dev: 0.0114%)
   -> Alignment: Sector 5 matches W/Z Gauge Boson Mass Ratio (dev: 1.7393%)
   -> Alignment: Sector 7 matches W/Z Gauge Boson Mass Ratio (dev: 3.5758%)
   -> Alignment: Sector 5 matches W/Z Gauge Boson Mass Ratio (dev: 1.7393%)
   -> Alignment: Sector 7 matches W/Z Gauge Boson Mass Ratio (dev: 3.5758%)
[2026-06-09 15:58:30] N=105 | Scanned= 3326 | Proven=1242 | Alignments=7 | Time=21.52s
   -> Alignment: Sector 6 matches W/Z Gauge Boson Mass Ratio (dev: 1.4832%)
   -> Alignment: Sector 3 matches Lepton Mass Ratio mu/e (dev: 0.1557%)
   -> Alignment: Sector 3 matches Lepton Mass Ratio tau/mu (dev: 0.0114%)
   -> Alignment: Sector 5 matches W/Z Gauge Boson Mass Ratio (dev: 1.7393%)
   -> Alignment: Sector 7 matches W/Z Gauge Boson Mass Ratio (dev: 3.5758%)
   -> Alignment: Sector 5 matches W/Z Gauge Boson Mass Ratio (dev: 1.7393%)
   -> Alignment: Sector 7 matches W/Z Gauge Boson Mass Ratio (dev: 3.5758%)
[2026-06-09 15:58:54] N=110 | Scanned= 3676 | Proven=1338 | Alignments=7 | Time=23.25s
   -> Alignment: Sector 6 matches W/Z Gauge Boson Mass Ratio (dev: 1.4832%)
   -> Alignment: Sector 3 matches Lepton Mass Ratio mu/e (dev: 0.1557%)
   -> Alignment: Sector 3 matches Lepton Mass Ratio tau/mu (dev: 0.0114%)
   -> Alignment: Sector 5 matches W/Z Gauge Boson Mass Ratio (dev: 1.7393%)
   -> Alignment: Sector 7 matches W/Z Gauge Boson Mass Ratio (dev: 3.5758%)
   -> Alignment: Sector 5 matches W/Z Gauge Boson Mass Ratio (dev: 1.7393%)
   -> Alignment: Sector 7 matches W/Z Gauge Boson Mass Ratio (dev: 3.5758%)
[2026-06-09 15:59:21] N=115 | Scanned= 3984 | Proven=1468 | Alignments=7 | Time=25.76s
   -> Alignment: Sector 6 matches W/Z Gauge Boson Mass Ratio (dev: 1.4832%)
   -> Alignment: Sector 3 matches Lepton Mass Ratio mu/e (dev: 0.1557%)
   -> Alignment: Sector 3 matches Lepton Mass Ratio tau/mu (dev: 0.0114%)
   -> Alignment: Sector 5 matches W/Z Gauge Boson Mass Ratio (dev: 1.7393%)
   -> Alignment: Sector 7 matches W/Z Gauge Boson Mass Ratio (dev: 3.5758%)
   -> Alignment: Sector 5 matches W/Z Gauge Boson Mass Ratio (dev: 1.7393%)
   -> Alignment: Sector 7 matches W/Z Gauge Boson Mass Ratio (dev: 3.5758%)
[2026-06-09 15:59:50] N=120 | Scanned= 4354 | Proven=1594 | Alignments=7 | Time=28.30s
   -> Alignment: Sector 6 matches W/Z Gauge Boson Mass Ratio (dev: 1.4832%)
   -> Alignment: Sector 3 matches Lepton Mass Ratio mu/e (dev: 0.1557%)
   -> Alignment: Sector 3 matches Lepton Mass Ratio tau/mu (dev: 0.0114%)
   -> Alignment: Sector 5 matches W/Z Gauge Boson Mass Ratio (dev: 1.7393%)
   -> Alignment: Sector 7 matches W/Z Gauge Boson Mass Ratio (dev: 3.5758%)
   -> Alignment: Sector 5 matches W/Z Gauge Boson Mass Ratio (dev: 1.7393%)
   -> Alignment: Sector 7 matches W/Z Gauge Boson Mass Ratio (dev: 3.5758%)
[2026-06-09 16:00:23] N=125 | Scanned= 4696 | Proven=1751 | Alignments=7 | Time=31.33s
   -> Alignment: Sector 6 matches W/Z Gauge Boson Mass Ratio (dev: 1.4832%)
   -> Alignment: Sector 3 matches Lepton Mass Ratio mu/e (dev: 0.1557%)
   -> Alignment: Sector 3 matches Lepton Mass Ratio tau/mu (dev: 0.0114%)
   -> Alignment: Sector 5 matches W/Z Gauge Boson Mass Ratio (dev: 1.7393%)
   -> Alignment: Sector 7 matches W/Z Gauge Boson Mass Ratio (dev: 3.5758%)
   -> Alignment: Sector 5 matches W/Z Gauge Boson Mass Ratio (dev: 1.7393%)
   -> Alignment: Sector 7 matches W/Z Gauge Boson Mass Ratio (dev: 3.5758%)
[2026-06-09 16:00:56] N=130 | Scanned= 5106 | Proven=1876 | Alignments=7 | Time=32.20s
   -> Alignment: Sector 6 matches W/Z Gauge Boson Mass Ratio (dev: 1.4832%)
   -> Alignment: Sector 3 matches Lepton Mass Ratio mu/e (dev: 0.1557%)
   -> Alignment: Sector 3 matches Lepton Mass Ratio tau/mu (dev: 0.0114%)
   -> Alignment: Sector 5 matches W/Z Gauge Boson Mass Ratio (dev: 1.7393%)
   -> Alignment: Sector 7 matches W/Z Gauge Boson Mass Ratio (dev: 3.5758%)
   -> Alignment: Sector 5 matches W/Z Gauge Boson Mass Ratio (dev: 1.7393%)
   -> Alignment: Sector 7 matches W/Z Gauge Boson Mass Ratio (dev: 3.5758%)
[2026-06-09 16:01:33] N=135 | Scanned= 5498 | Proven=2037 | Alignments=7 | Time=35.63s
   -> Alignment: Sector 6 matches W/Z Gauge Boson Mass Ratio (dev: 1.4832%)
   -> Alignment: Sector 3 matches Lepton Mass Ratio mu/e (dev: 0.1557%)
   -> Alignment: Sector 3 matches Lepton Mass Ratio tau/mu (dev: 0.0114%)
   -> Alignment: Sector 5 matches W/Z Gauge Boson Mass Ratio (dev: 1.7393%)
   -> Alignment: Sector 7 matches W/Z Gauge Boson Mass Ratio (dev: 3.5758%)
   -> Alignment: Sector 5 matches W/Z Gauge Boson Mass Ratio (dev: 1.7393%)
   -> Alignment: Sector 7 matches W/Z Gauge Boson Mass Ratio (dev: 3.5758%)
[2026-06-09 16:02:11] N=140 | Scanned= 5952 | Proven=2150 | Alignments=7 | Time=37.88s
   -> Alignment: Sector 6 matches W/Z Gauge Boson Mass Ratio (dev: 1.4832%)
   -> Alignment: Sector 3 matches Lepton Mass Ratio mu/e (dev: 0.1557%)
   -> Alignment: Sector 3 matches Lepton Mass Ratio tau/mu (dev: 0.0114%)
   -> Alignment: Sector 5 matches W/Z Gauge Boson Mass Ratio (dev: 1.7393%)
   -> Alignment: Sector 7 matches W/Z Gauge Boson Mass Ratio (dev: 3.5758%)
   -> Alignment: Sector 5 matches W/Z Gauge Boson Mass Ratio (dev: 1.7393%)
   -> Alignment: Sector 7 matches W/Z Gauge Boson Mass Ratio (dev: 3.5758%)
[2026-06-09 16:02:54] N=145 | Scanned= 6330 | Proven=2320 | Alignments=7 | Time=41.38s
   -> Alignment: Sector 6 matches W/Z Gauge Boson Mass Ratio (dev: 1.4832%)
   -> Alignment: Sector 3 matches Lepton Mass Ratio mu/e (dev: 0.1557%)
   -> Alignment: Sector 3 matches Lepton Mass Ratio tau/mu (dev: 0.0114%)
   -> Alignment: Sector 5 matches W/Z Gauge Boson Mass Ratio (dev: 1.7393%)
   -> Alignment: Sector 7 matches W/Z Gauge Boson Mass Ratio (dev: 3.5758%)
   -> Alignment: Sector 5 matches W/Z Gauge Boson Mass Ratio (dev: 1.7393%)
   -> Alignment: Sector 7 matches W/Z Gauge Boson Mass Ratio (dev: 3.5758%)
[2026-06-09 16:03:39] N=150 | Scanned= 6818 | Proven=2471 | Alignments=7 | Time=44.70s
   -> Alignment: Sector 6 matches W/Z Gauge Boson Mass Ratio (dev: 1.4832%)
   -> Alignment: Sector 3 matches Lepton Mass Ratio mu/e (dev: 0.1557%)
   -> Alignment: Sector 3 matches Lepton Mass Ratio tau/mu (dev: 0.0114%)
   -> Alignment: Sector 5 matches W/Z Gauge Boson Mass Ratio (dev: 1.7393%)
   -> Alignment: Sector 7 matches W/Z Gauge Boson Mass Ratio (dev: 3.5758%)
   -> Alignment: Sector 5 matches W/Z Gauge Boson Mass Ratio (dev: 1.7393%)
   -> Alignment: Sector 7 matches W/Z Gauge Boson Mass Ratio (dev: 3.5758%)
[2026-06-09 16:04:29] N=155 | Scanned= 7236 | Proven=2657 | Alignments=7 | Time=48.20s
   -> Alignment: Sector 6 matches W/Z Gauge Boson Mass Ratio (dev: 1.4832%)
   -> Alignment: Sector 3 matches Lepton Mass Ratio mu/e (dev: 0.1557%)
   -> Alignment: Sector 3 matches Lepton Mass Ratio tau/mu (dev: 0.0114%)
   -> Alignment: Sector 5 matches W/Z Gauge Boson Mass Ratio (dev: 1.7393%)
   -> Alignment: Sector 7 matches W/Z Gauge Boson Mass Ratio (dev: 3.5758%)
   -> Alignment: Sector 5 matches W/Z Gauge Boson Mass Ratio (dev: 1.7393%)
   -> Alignment: Sector 7 matches W/Z Gauge Boson Mass Ratio (dev: 3.5758%)
[2026-06-09 16:05:22] N=160 | Scanned= 7742 | Proven=2794 | Alignments=7 | Time=51.84s
   -> Alignment: Sector 6 matches W/Z Gauge Boson Mass Ratio (dev: 1.4832%)
   -> Alignment: Sector 3 matches Lepton Mass Ratio mu/e (dev: 0.1557%)
   -> Alignment: Sector 3 matches Lepton Mass Ratio tau/mu (dev: 0.0114%)
   -> Alignment: Sector 5 matches W/Z Gauge Boson Mass Ratio (dev: 1.7393%)
   -> Alignment: Sector 7 matches W/Z Gauge Boson Mass Ratio (dev: 3.5758%)
   -> Alignment: Sector 5 matches W/Z Gauge Boson Mass Ratio (dev: 1.7393%)
   -> Alignment: Sector 7 matches W/Z Gauge Boson Mass Ratio (dev: 3.5758%)
[2026-06-09 16:06:20] N=165 | Scanned= 8234 | Proven=2997 | Alignments=7 | Time=57.14s
   -> Alignment: Sector 6 matches W/Z Gauge Boson Mass Ratio (dev: 1.4832%)
   -> Alignment: Sector 3 matches Lepton Mass Ratio mu/e (dev: 0.1557%)
   -> Alignment: Sector 3 matches Lepton Mass Ratio tau/mu (dev: 0.0114%)
   -> Alignment: Sector 5 matches W/Z Gauge Boson Mass Ratio (dev: 1.7393%)
   -> Alignment: Sector 7 matches W/Z Gauge Boson Mass Ratio (dev: 3.5758%)
   -> Alignment: Sector 5 matches W/Z Gauge Boson Mass Ratio (dev: 1.7393%)
   -> Alignment: Sector 7 matches W/Z Gauge Boson Mass Ratio (dev: 3.5758%)
[2026-06-09 16:07:22] N=170 | Scanned= 8766 | Proven=3134 | Alignments=7 | Time=61.15s
   -> Alignment: Sector 6 matches W/Z Gauge Boson Mass Ratio (dev: 1.4832%)
   -> Alignment: Sector 3 matches Lepton Mass Ratio mu/e (dev: 0.1557%)
   -> Alignment: Sector 3 matches Lepton Mass Ratio tau/mu (dev: 0.0114%)
   -> Alignment: Sector 5 matches W/Z Gauge Boson Mass Ratio (dev: 1.7393%)
   -> Alignment: Sector 7 matches W/Z Gauge Boson Mass Ratio (dev: 3.5758%)
   -> Alignment: Sector 5 matches W/Z Gauge Boson Mass Ratio (dev: 1.7393%)
   -> Alignment: Sector 7 matches W/Z Gauge Boson Mass Ratio (dev: 3.5758%)
[2026-06-09 16:08:29] N=175 | Scanned= 9250 | Proven=3345 | Alignments=7 | Time=65.98s
   -> Alignment: Sector 6 matches W/Z Gauge Boson Mass Ratio (dev: 1.4832%)
   -> Alignment: Sector 3 matches Lepton Mass Ratio mu/e (dev: 0.1557%)
   -> Alignment: Sector 3 matches Lepton Mass Ratio tau/mu (dev: 0.0114%)
   -> Alignment: Sector 5 matches W/Z Gauge Boson Mass Ratio (dev: 1.7393%)
   -> Alignment: Sector 7 matches W/Z Gauge Boson Mass Ratio (dev: 3.5758%)
   -> Alignment: Sector 5 matches W/Z Gauge Boson Mass Ratio (dev: 1.7393%)
   -> Alignment: Sector 7 matches W/Z Gauge Boson Mass Ratio (dev: 3.5758%)
[2026-06-09 16:09:40] N=180 | Scanned= 9832 | Proven=3518 | Alignments=7 | Time=70.10s
   -> Alignment: Sector 6 matches W/Z Gauge Boson Mass Ratio (dev: 1.4832%)
   -> Alignment: Sector 3 matches Lepton Mass Ratio mu/e (dev: 0.1557%)
   -> Alignment: Sector 3 matches Lepton Mass Ratio tau/mu (dev: 0.0114%)
   -> Alignment: Sector 5 matches W/Z Gauge Boson Mass Ratio (dev: 1.7393%)
   -> Alignment: Sector 7 matches W/Z Gauge Boson Mass Ratio (dev: 3.5758%)
   -> Alignment: Sector 5 matches W/Z Gauge Boson Mass Ratio (dev: 1.7393%)
   -> Alignment: Sector 7 matches W/Z Gauge Boson Mass Ratio (dev: 3.5758%)
[2026-06-09 16:10:56] N=185 | Scanned=10340 | Proven=3729 | Alignments=7 | Time=74.86s
   -> Alignment: Sector 6 matches W/Z Gauge Boson Mass Ratio (dev: 1.4832%)
   -> Alignment: Sector 3 matches Lepton Mass Ratio mu/e (dev: 0.1557%)
   -> Alignment: Sector 3 matches Lepton Mass Ratio tau/mu (dev: 0.0114%)
   -> Alignment: Sector 5 matches W/Z Gauge Boson Mass Ratio (dev: 1.7393%)
   -> Alignment: Sector 7 matches W/Z Gauge Boson Mass Ratio (dev: 3.5758%)
   -> Alignment: Sector 5 matches W/Z Gauge Boson Mass Ratio (dev: 1.7393%)
   -> Alignment: Sector 7 matches W/Z Gauge Boson Mass Ratio (dev: 3.5758%)
[2026-06-09 16:12:15] N=190 | Scanned=10904 | Proven=3895 | Alignments=7 | Time=78.06s
   -> Alignment: Sector 6 matches W/Z Gauge Boson Mass Ratio (dev: 1.4832%)
   -> Alignment: Sector 3 matches Lepton Mass Ratio mu/e (dev: 0.1557%)
   -> Alignment: Sector 3 matches Lepton Mass Ratio tau/mu (dev: 0.0114%)
   -> Alignment: Sector 5 matches W/Z Gauge Boson Mass Ratio (dev: 1.7393%)
   -> Alignment: Sector 7 matches W/Z Gauge Boson Mass Ratio (dev: 3.5758%)
   -> Alignment: Sector 5 matches W/Z Gauge Boson Mass Ratio (dev: 1.7393%)
   -> Alignment: Sector 7 matches W/Z Gauge Boson Mass Ratio (dev: 3.5758%)
